<?xml version="1.0" encoding="UTF-8"?>
<testsuite name="org.gradle.demo.HelloServletTest" tests="3" skipped="0" failures="0" errors="0" timestamp="2018-03-01T03:15:50" hostname="fairlydembp.cn.ibm.com" time="0.651">
  <properties/>
  <testcase name="doPostWithoutName" classname="org.gradle.demo.HelloServletTest" time="0.649"/>
  <testcase name="doGet" classname="org.gradle.demo.HelloServletTest" time="0.001"/>
  <testcase name="doPostWithName" classname="org.gradle.demo.HelloServletTest" time="0.001"/>
  <system-out><![CDATA[]]></system-out>
  <system-err><![CDATA[]]></system-err>
</testsuite>
